<?xml version="1.0" encoding="UTF-8"?>
<!-- Generated by org.testng.reporters.JUnitXMLReporter -->
<testsuite hostname="DESKTOP-5HEF6VE" ignored="5" name="Test5" tests="2" failures="0" timestamp="24 Jul 2019 08:19:50 GMT" time="115.558" errors="0">
  <testcase name="verifyCallFunctionalityOnAgnetPage" time="109.801" classname="press3AutomationTest.NewTest"/>
  <testcase name="allMembers" time="0.0" classname="press3AutomationTest.NewTest"/>
  <testcase name="verifyAgentFunctionalityWhenAgentIsInBreakState" time="0.0" classname="press3AutomationTest.NewTest">
    <ignored/>
  </testcase> <!-- verifyAgentFunctionalityWhenAgentIsInBreakState -->
  <testcase name="verifyAgentFunctionalityWhenAgentIsChangedFromInBreakStateToReadyState" time="0.0" classname="press3AutomationTest.NewTest">
    <ignored/>
  </testcase> <!-- verifyAgentFunctionalityWhenAgentIsChangedFromInBreakStateToReadyState -->
  <testcase name="verifyAgentFunctionalityWhenAgentIsChangedFromWorkAssignedStateToReadyState" time="0.0" classname="press3AutomationTest.NewTest">
    <ignored/>
  </testcase> <!-- verifyAgentFunctionalityWhenAgentIsChangedFromWorkAssignedStateToReadyState -->
  <testcase name="verifyAgentFunctionalityWhenAgentIsInWorkAssignedState" time="0.0" classname="press3AutomationTest.NewTest">
    <ignored/>
  </testcase> <!-- verifyAgentFunctionalityWhenAgentIsInWorkAssignedState -->
  <testcase name="waitMethod" time="0.0" classname="press3AutomationTest.NewTest">
    <ignored/>
  </testcase> <!-- waitMethod -->
</testsuite> <!-- Test5 -->
