<?xml version="1.0" encoding="UTF-8"?>
<!-- Generated by org.testng.reporters.JUnitXMLReporter -->
<testsuite hostname="DESKTOP-5HEF6VE" ignored="7" name="Test4" tests="1" failures="0" timestamp="24 Jul 2019 15:31:28 GMT" time="490.327" errors="0">
  <testcase name="verifyCallFunctionalityOnAgnetPage" time="484.829" classname="press3AutomationTest.NewTest"/>
  <testcase name="verifyAgentFunctionalityWhenAgentIsInBreakState" time="0.0" classname="press3AutomationTest.NewTest">
    <ignored/>
  </testcase> <!-- verifyAgentFunctionalityWhenAgentIsInBreakState -->
  <testcase name="verifyAgentFunctionalityWhenAgentIsChangedFromInBreakStateToReadyState" time="0.0" classname="press3AutomationTest.NewTest">
    <ignored/>
  </testcase> <!-- verifyAgentFunctionalityWhenAgentIsChangedFromInBreakStateToReadyState -->
  <testcase name="allMembers" time="0.0" classname="press3AutomationTest.NewTest">
    <ignored/>
  </testcase> <!-- allMembers -->
  <testcase name="verifyAgentFunctionalityWhenAgentIsChangedFromWorkAssignedStateToReadyState" time="0.0" classname="press3AutomationTest.NewTest">
    <ignored/>
  </testcase> <!-- verifyAgentFunctionalityWhenAgentIsChangedFromWorkAssignedStateToReadyState -->
  <testcase name="loginlogout" time="0.0" classname="press3AutomationTest.NewTest">
    <ignored/>
  </testcase> <!-- loginlogout -->
  <testcase name="verifyAgentFunctionalityWhenAgentIsInWorkAssignedState" time="0.0" classname="press3AutomationTest.NewTest">
    <ignored/>
  </testcase> <!-- verifyAgentFunctionalityWhenAgentIsInWorkAssignedState -->
  <testcase name="waitMethod" time="0.0" classname="press3AutomationTest.NewTest">
    <ignored/>
  </testcase> <!-- waitMethod -->
</testsuite> <!-- Test4 -->
