<?xml version="1.0" encoding="UTF-8"?>
<testng-results skipped="0" failed="0" ignored="0" total="1" passed="1">
  <reporter-output>
  </reporter-output>
  <suite name="Default suite" duration-ms="27565" started-at="2019-09-24T11:23:37Z" finished-at="2019-09-24T11:24:04Z">
    <groups>
    </groups>
    <test name="Default test" duration-ms="27565" started-at="2019-09-24T11:23:37Z" finished-at="2019-09-24T11:24:04Z">
      <class name="press3Pages.ManagerPages.IvrStudio">
        <test-method status="PASS" signature="ivrCreation()[pri:0, instance:press3Pages.ManagerPages.IvrStudio@69ea3742]" name="ivrCreation" duration-ms="27543" started-at="2019-09-24T11:23:37Z" finished-at="2019-09-24T11:24:04Z">
          <reporter-output>
          </reporter-output>
        </test-method> <!-- ivrCreation -->
      </class> <!-- press3Pages.ManagerPages.IvrStudio -->
    </test> <!-- Default test -->
  </suite> <!-- Default suite -->
</testng-results>
